app/build/intermediates/manifest_merge_blame_file/debug/manifest-merger-blame-debug-report.txt
1<?xml version="1.0" encoding="utf-8"?>
2<manifest xmlns:android="http://schemas.android.com/apk/res/android"
3    package="com.example.kampusku"
4    android:versionCode="1"
5    android:versionName="1.0" >
6
7    <uses-sdk
8        android:minSdkVersion="24"
9        android:targetSdkVersion="34" />
10
11    <permission
11-->[androidx.core:core:1.9.0] AndroidManifest.xml:22:5-24:47
12        android:name="com.example.kampusku.DYNAMIC_RECEIVER_NOT_EXPORTED_PERMISSION"
12-->[androidx.core:core:1.9.0] AndroidManifest.xml:23:9-81
13        android:protectionLevel="signature" />
13-->[androidx.core:core:1.9.0] AndroidManifest.xml:24:9-44
14
15    <uses-permission android:name="com.example.kampusku.DYNAMIC_RECEIVER_NOT_EXPORTED_PERMISSION" />
15-->[androidx.core:core:1.9.0] AndroidManifest.xml:26:5-97
15-->[androidx.core:core:1.9.0] AndroidManifest.xml:26:22-94
16
17    <application
17-->src\main\AndroidManifest.xml:5:5-62:19
18        android:allowBackup="true"
18-->src\main\AndroidManifest.xml:6:9-35
19        android:appComponentFactory="androidx.core.app.CoreComponentFactory"
19-->[androidx.core:core:1.9.0] AndroidManifest.xml:28:18-86
20        android:debuggable="true"
21        android:extractNativeLibs="false"
22        android:icon="@mipmap/ic_launcher"
22-->src\main\AndroidManifest.xml:7:9-43
23        android:label="@string/app_name"
23-->src\main\AndroidManifest.xml:8:9-41
24        android:roundIcon="@mipmap/ic_launcher_round"
24-->src\main\AndroidManifest.xml:9:9-54
25        android:supportsRtl="true"
25-->src\main\AndroidManifest.xml:10:9-35
26        android:theme="@style/Tema2" >
26-->src\main\AndroidManifest.xml:11:9-37
27        <activity
27-->src\main\AndroidManifest.xml:13:9-20:20
28            android:name="com.example.kampusku.SplashScreen"
28-->src\main\AndroidManifest.xml:14:13-41
29            android:exported="true" >
29-->src\main\AndroidManifest.xml:15:13-36
30            <intent-filter>
30-->src\main\AndroidManifest.xml:16:13-19:29
31                <action android:name="android.intent.action.MAIN" />
31-->src\main\AndroidManifest.xml:17:17-68
31-->src\main\AndroidManifest.xml:17:25-66
32
33                <category android:name="android.intent.category.LAUNCHER" />
33-->src\main\AndroidManifest.xml:18:17-76
33-->src\main\AndroidManifest.xml:18:27-74
34            </intent-filter>
35        </activity>
36        <activity
36-->src\main\AndroidManifest.xml:22:9-26:40
37            android:name="com.example.kampusku.MainActivity"
37-->src\main\AndroidManifest.xml:23:13-41
38            android:exported="false"
38-->src\main\AndroidManifest.xml:26:13-37
39            android:label="Dashboard"
39-->src\main\AndroidManifest.xml:24:13-38
40            android:theme="@style/Tema1" />
40-->src\main\AndroidManifest.xml:25:13-41
41        <activity
41-->src\main\AndroidManifest.xml:28:9-33:57
42            android:name="com.example.kampusku.DataMahasiswa"
42-->src\main\AndroidManifest.xml:29:13-42
43            android:exported="false"
43-->src\main\AndroidManifest.xml:32:13-37
44            android:label="Data Mahasiswa"
44-->src\main\AndroidManifest.xml:30:13-43
45            android:parentActivityName="com.example.kampusku.MainActivity"
45-->src\main\AndroidManifest.xml:33:13-55
46            android:theme="@style/Tema1" />
46-->src\main\AndroidManifest.xml:31:13-41
47        <activity
47-->src\main\AndroidManifest.xml:35:9-40:57
48            android:name="com.example.kampusku.Informasi"
48-->src\main\AndroidManifest.xml:36:13-38
49            android:exported="false"
49-->src\main\AndroidManifest.xml:39:13-37
50            android:label="Tentang Aplikasi"
50-->src\main\AndroidManifest.xml:37:13-45
51            android:parentActivityName="com.example.kampusku.MainActivity"
51-->src\main\AndroidManifest.xml:40:13-55
52            android:theme="@style/Tema1" />
52-->src\main\AndroidManifest.xml:38:13-41
53        <activity
53-->src\main\AndroidManifest.xml:42:9-47:58
54            android:name="com.example.kampusku.InputData"
54-->src\main\AndroidManifest.xml:43:13-38
55            android:exported="false"
55-->src\main\AndroidManifest.xml:46:13-37
56            android:label="Tambah Data Baru"
56-->src\main\AndroidManifest.xml:44:13-45
57            android:parentActivityName="com.example.kampusku.DataMahasiswa"
57-->src\main\AndroidManifest.xml:47:13-56
58            android:theme="@style/Tema1" />
58-->src\main\AndroidManifest.xml:45:13-41
59        <activity
59-->src\main\AndroidManifest.xml:49:9-53:58
60            android:name="com.example.kampusku.UpdateData"
60-->src\main\AndroidManifest.xml:49:19-45
61            android:exported="false"
61-->src\main\AndroidManifest.xml:52:13-37
62            android:label="Update Data Mahasiswa"
62-->src\main\AndroidManifest.xml:50:13-50
63            android:parentActivityName="com.example.kampusku.DataMahasiswa"
63-->src\main\AndroidManifest.xml:53:13-56
64            android:theme="@style/Tema1" />
64-->src\main\AndroidManifest.xml:51:13-41
65        <activity
65-->src\main\AndroidManifest.xml:55:9-60:58
66            android:name="com.example.kampusku.DetailData"
66-->src\main\AndroidManifest.xml:56:13-39
67            android:exported="false"
67-->src\main\AndroidManifest.xml:59:13-37
68            android:label="Detail Informasi"
68-->src\main\AndroidManifest.xml:57:13-45
69            android:parentActivityName="com.example.kampusku.DataMahasiswa"
69-->src\main\AndroidManifest.xml:60:13-56
70            android:theme="@style/Tema1" />
70-->src\main\AndroidManifest.xml:58:13-41
71
72        <provider
72-->[androidx.emoji2:emoji2:1.2.0] AndroidManifest.xml:24:9-32:20
73            android:name="androidx.startup.InitializationProvider"
73-->[androidx.emoji2:emoji2:1.2.0] AndroidManifest.xml:25:13-67
74            android:authorities="com.example.kampusku.androidx-startup"
74-->[androidx.emoji2:emoji2:1.2.0] AndroidManifest.xml:26:13-68
75            android:exported="false" >
75-->[androidx.emoji2:emoji2:1.2.0] AndroidManifest.xml:27:13-37
76            <meta-data
76-->[androidx.emoji2:emoji2:1.2.0] AndroidManifest.xml:29:13-31:52
77                android:name="androidx.emoji2.text.EmojiCompatInitializer"
77-->[androidx.emoji2:emoji2:1.2.0] AndroidManifest.xml:30:17-75
78                android:value="androidx.startup" />
78-->[androidx.emoji2:emoji2:1.2.0] AndroidManifest.xml:31:17-49
79            <meta-data
79-->[androidx.lifecycle:lifecycle-process:2.6.1] AndroidManifest.xml:29:13-31:52
80                android:name="androidx.lifecycle.ProcessLifecycleInitializer"
80-->[androidx.lifecycle:lifecycle-process:2.6.1] AndroidManifest.xml:30:17-78
81                android:value="androidx.startup" />
81-->[androidx.lifecycle:lifecycle-process:2.6.1] AndroidManifest.xml:31:17-49
82            <meta-data
82-->[androidx.profileinstaller:profileinstaller:1.3.0] AndroidManifest.xml:29:13-31:52
83                android:name="androidx.profileinstaller.ProfileInstallerInitializer"
83-->[androidx.profileinstaller:profileinstaller:1.3.0] AndroidManifest.xml:30:17-85
84                android:value="androidx.startup" />
84-->[androidx.profileinstaller:profileinstaller:1.3.0] AndroidManifest.xml:31:17-49
85        </provider>
86
87        <receiver
87-->[androidx.profileinstaller:profileinstaller:1.3.0] AndroidManifest.xml:34:9-52:20
88            android:name="androidx.profileinstaller.ProfileInstallReceiver"
88-->[androidx.profileinstaller:profileinstaller:1.3.0] AndroidManifest.xml:35:13-76
89            android:directBootAware="false"
89-->[androidx.profileinstaller:profileinstaller:1.3.0] AndroidManifest.xml:36:13-44
90            android:enabled="true"
90-->[androidx.profileinstaller:profileinstaller:1.3.0] AndroidManifest.xml:37:13-35
91            android:exported="true"
91-->[androidx.profileinstaller:profileinstaller:1.3.0] AndroidManifest.xml:38:13-36
92            android:permission="android.permission.DUMP" >
92-->[androidx.profileinstaller:profileinstaller:1.3.0] AndroidManifest.xml:39:13-57
93            <intent-filter>
93-->[androidx.profileinstaller:profileinstaller:1.3.0] AndroidManifest.xml:40:13-42:29
94                <action android:name="androidx.profileinstaller.action.INSTALL_PROFILE" />
94-->[androidx.profileinstaller:profileinstaller:1.3.0] AndroidManifest.xml:41:17-91
94-->[androidx.profileinstaller:profileinstaller:1.3.0] AndroidManifest.xml:41:25-88
95            </intent-filter>
96            <intent-filter>
96-->[androidx.profileinstaller:profileinstaller:1.3.0] AndroidManifest.xml:43:13-45:29
97                <action android:name="androidx.profileinstaller.action.SKIP_FILE" />
97-->[androidx.profileinstaller:profileinstaller:1.3.0] AndroidManifest.xml:44:17-85
97-->[androidx.profileinstaller:profileinstaller:1.3.0] AndroidManifest.xml:44:25-82
98            </intent-filter>
99            <intent-filter>
99-->[androidx.profileinstaller:profileinstaller:1.3.0] AndroidManifest.xml:46:13-48:29
100                <action android:name="androidx.profileinstaller.action.SAVE_PROFILE" />
100-->[androidx.profileinstaller:profileinstaller:1.3.0] AndroidManifest.xml:47:17-88
100-->[androidx.profileinstaller:profileinstaller:1.3.0] AndroidManifest.xml:47:25-85
101            </intent-filter>
102            <intent-filter>
102-->[androidx.profileinstaller:profileinstaller:1.3.0] AndroidManifest.xml:49:13-51:29
103                <action android:name="androidx.profileinstaller.action.BENCHMARK_OPERATION" />
103-->[androidx.profileinstaller:profileinstaller:1.3.0] AndroidManifest.xml:50:17-95
103-->[androidx.profileinstaller:profileinstaller:1.3.0] AndroidManifest.xml:50:25-92
104            </intent-filter>
105        </receiver>
106    </application>
107
108</manifest>